/lscratch/9670748/studyfolder/sub-24563/T1w/sub-24563/mri
/usr/local/apps/freesurfer/6.0.0/bin/mri_nu_correct.mni
--i orig.mgz --o nu.mgz --uchar transforms/talairach.xfm --n 2
nIters 2
$Id: mri_nu_correct.mni,v 1.27 2016/02/26 16:19:49 mreuter Exp $
Linux cn4286 4.18.0-425.19.2.el8_7.x86_64 #1 SMP Tue Apr 4 22:38:11 UTC 2023 x86_64 x86_64 x86_64 GNU/Linux
Wed Oct  4 11:09:02 EDT 2023
Program nu_correct, built from:
Package MNI N3, version 1.12.0, compiled by nicks@terrier (x86_64-unknown-linux-gnu) on 2015-06-19 at 01:25:34
tmpdir is ./tmp.mri_nu_correct.mni.2244903
/lscratch/9670748/studyfolder/sub-24563/T1w/sub-24563/mri
mri_convert orig.mgz ./tmp.mri_nu_correct.mni.2244903/nu0.mnc -odt float
mri_convert.bin orig.mgz ./tmp.mri_nu_correct.mni.2244903/nu0.mnc -odt float 
$Id: mri_convert.c,v 1.226 2016/02/26 16:15:24 mreuter Exp $
reading from orig.mgz...
TR=0.00, TE=0.00, TI=0.00, flip angle=0.00
i_ras = (-1, 0, 0)
j_ras = (0, 0, -1)
k_ras = (0, 1, 0)
changing data type from uchar to float (noscale = 0)...
writing to ./tmp.mri_nu_correct.mni.2244903/nu0.mnc...
 
--------------------------------------------------------
Iteration 1 Wed Oct  4 11:09:03 EDT 2023
nu_correct -clobber ./tmp.mri_nu_correct.mni.2244903/nu0.mnc ./tmp.mri_nu_correct.mni.2244903/nu1.mnc -tmpdir ./tmp.mri_nu_correct.mni.2244903/0/
[nielsond@cn4286:/lscratch/9670748/studyfolder/sub-24563/T1w/sub-24563/mri/] [2023-10-04 11:09:03] running:
  /usr/local/apps/freesurfer/6.0.0/mni/bin/nu_estimate_np_and_em -parzen -log -sharpen 0.15 0.01 -iterations 50 -stop 0.001 -shrink 4 -auto_mask -nonotify -b_spline 1.0e-7 -distance 200 -quiet -execute -clobber -nokeeptmp -tmpdir ./tmp.mri_nu_correct.mni.2244903/0/ ./tmp.mri_nu_correct.mni.2244903/nu0.mnc ./tmp.mri_nu_correct.mni.2244903/nu1.imp

Processing:.................................................................Done
Processing:.................................................................Done
Processing:.................................................................Done
Processing:.................................................................Done
Processing:.................................................................Done
Processing:.................................................................Done
Processing:.................................................................Done
Processing:.................................................................Done
Processing:.................................................................Done
Processing:.................................................................Done
Processing:.................................................................Done
Processing:.................................................................Done
Processing:.................................................................Done
Processing:.................................................................Done
Processing:.................................................................Done
Processing:.................................................................Done
Processing:.................................................................Done
Processing:.................................................................Done
Number of iterations: 18 
CV of field change: 0.000998262
 
 
--------------------------------------------------------
Iteration 2 Wed Oct  4 11:09:23 EDT 2023
nu_correct -clobber ./tmp.mri_nu_correct.mni.2244903/nu1.mnc ./tmp.mri_nu_correct.mni.2244903/nu2.mnc -tmpdir ./tmp.mri_nu_correct.mni.2244903/1/
[nielsond@cn4286:/lscratch/9670748/studyfolder/sub-24563/T1w/sub-24563/mri/] [2023-10-04 11:09:23] running:
  /usr/local/apps/freesurfer/6.0.0/mni/bin/nu_estimate_np_and_em -parzen -log -sharpen 0.15 0.01 -iterations 50 -stop 0.001 -shrink 4 -auto_mask -nonotify -b_spline 1.0e-7 -distance 200 -quiet -execute -clobber -nokeeptmp -tmpdir ./tmp.mri_nu_correct.mni.2244903/1/ ./tmp.mri_nu_correct.mni.2244903/nu1.mnc ./tmp.mri_nu_correct.mni.2244903/nu2.imp

Processing:.................................................................Done
Processing:.................................................................Done
Processing:.................................................................Done
Processing:.................................................................Done
Processing:.................................................................Done
Processing:.................................................................Done
Processing:.................................................................Done
Processing:.................................................................Done
Processing:.................................................................Done
Number of iterations: 9 
CV of field change: 0.000919874
 
 
 
mri_binarize --i ./tmp.mri_nu_correct.mni.2244903/nu2.mnc --min -1 --o ./tmp.mri_nu_correct.mni.2244903/ones.mgz

$Id: mri_binarize.c,v 1.43 2016/06/09 20:46:21 greve Exp $
cwd /lscratch/9670748/studyfolder/sub-24563/T1w/sub-24563/mri
cmdline mri_binarize.bin --i ./tmp.mri_nu_correct.mni.2244903/nu2.mnc --min -1 --o ./tmp.mri_nu_correct.mni.2244903/ones.mgz 
sysname  Linux
hostname cn4286
machine  x86_64
user     nielsond

input      ./tmp.mri_nu_correct.mni.2244903/nu2.mnc
frame      0
nErode3d   0
nErode2d   0
output     ./tmp.mri_nu_correct.mni.2244903/ones.mgz
Binarizing based on threshold
min        -1
max        +infinity
binval        1
binvalnot     0
fstart = 0, fend = 0, nframes = 1
Found 16777216 values in range
Counting number of voxels in first frame
Found 16777216 voxels in final mask
Count: 16777216 16777216.000000 16777216 100.000000
mri_binarize done
mri_segstats --id 1 --seg ./tmp.mri_nu_correct.mni.2244903/ones.mgz --i orig.mgz --sum ./tmp.mri_nu_correct.mni.2244903/sum.junk --avgwf ./tmp.mri_nu_correct.mni.2244903/input.mean.dat

$Id: mri_segstats.c,v 1.121 2016/05/31 17:27:11 greve Exp $
cwd 
cmdline mri_segstats --id 1 --seg ./tmp.mri_nu_correct.mni.2244903/ones.mgz --i orig.mgz --sum ./tmp.mri_nu_correct.mni.2244903/sum.junk --avgwf ./tmp.mri_nu_correct.mni.2244903/input.mean.dat 
sysname  Linux
hostname cn4286
machine  x86_64
user     nielsond
UseRobust  0
Loading ./tmp.mri_nu_correct.mni.2244903/ones.mgz
Loading orig.mgz
Voxel Volume is 1 mm^3
Generating list of segmentation ids
Found   1 segmentations
Computing statistics for each segmentation

Reporting on   1 segmentations
Using PrintSegStat
Computing spatial average of each frame
  0
Writing to ./tmp.mri_nu_correct.mni.2244903/input.mean.dat
mri_segstats done
mri_segstats --id 1 --seg ./tmp.mri_nu_correct.mni.2244903/ones.mgz --i ./tmp.mri_nu_correct.mni.2244903/nu2.mnc --sum ./tmp.mri_nu_correct.mni.2244903/sum.junk --avgwf ./tmp.mri_nu_correct.mni.2244903/output.mean.dat

$Id: mri_segstats.c,v 1.121 2016/05/31 17:27:11 greve Exp $
cwd 
cmdline mri_segstats --id 1 --seg ./tmp.mri_nu_correct.mni.2244903/ones.mgz --i ./tmp.mri_nu_correct.mni.2244903/nu2.mnc --sum ./tmp.mri_nu_correct.mni.2244903/sum.junk --avgwf ./tmp.mri_nu_correct.mni.2244903/output.mean.dat 
sysname  Linux
hostname cn4286
machine  x86_64
user     nielsond
UseRobust  0
Loading ./tmp.mri_nu_correct.mni.2244903/ones.mgz
Loading ./tmp.mri_nu_correct.mni.2244903/nu2.mnc
Voxel Volume is 1 mm^3
Generating list of segmentation ids
Found   1 segmentations
Computing statistics for each segmentation

Reporting on   1 segmentations
Using PrintSegStat
Computing spatial average of each frame
  0
Writing to ./tmp.mri_nu_correct.mni.2244903/output.mean.dat
mri_segstats done
mris_calc -o ./tmp.mri_nu_correct.mni.2244903/nu2.mnc ./tmp.mri_nu_correct.mni.2244903/nu2.mnc mul .96598846909550246334
mri_convert ./tmp.mri_nu_correct.mni.2244903/nu2.mnc nu.mgz --like orig.mgz
mri_convert.bin ./tmp.mri_nu_correct.mni.2244903/nu2.mnc nu.mgz --like orig.mgz 
$Id: mri_convert.c,v 1.226 2016/02/26 16:15:24 mreuter Exp $
reading from ./tmp.mri_nu_correct.mni.2244903/nu2.mnc...
TR=0.00, TE=0.00, TI=0.00, flip angle=0.00
i_ras = (-1, 0, 0)
j_ras = (0, 0, -1)
k_ras = (0, 1, 0)
INFO: transform src into the like-volume: orig.mgz
writing to nu.mgz...
mri_make_uchar nu.mgz transforms/talairach.xfm nu.mgz
type change took 0 minutes and 4 seconds.
mapping (23, 152) to ( 3, 110)
 
 
Wed Oct  4 11:09:54 EDT 2023
mri_nu_correct.mni done
